# JRE version: Java(TM) SE Runtime Environment 18.9 (11.0.8+10) (build 11.0.8+10-LTS)
# Java VM: Java HotSpot(TM) 64-Bit Server VM 18.9 (11.0.8+10-LTS, mixed mode, tiered, compressed oops, parallel gc, windows-amd64)
Heap:
 PSYoungGen      total 7168K, used 2246K [0x00000000eab00000, 0x00000000eb680000, 0x0000000100000000)
  eden space 5632K, 16% used [0x00000000eab00000,0x00000000eabe4910,0x00000000eb080000)
  from space 1536K, 86% used [0x00000000eb080000,0x00000000eb1ccfb0,0x00000000eb200000)
  to   space 3072K, 0% used [0x00000000eb380000,0x00000000eb380000,0x00000000eb680000)
 ParOldGen       total 231424K, used 207023K [0x00000000c0000000, 0x00000000ce200000, 0x00000000eab00000)
  object space 231424K, 89% used [0x00000000c0000000,0x00000000cca2bdd0,0x00000000ce200000)
 Metaspace       used 98319K, capacity 103089K, committed 103256K, reserved 1142784K
  class space    used 9058K, capacity 10769K, committed 10880K, reserved 1048576K
GC Heap History (10 events):
Event: 1659.660 GC heap before
{Heap before GC invocations=7065 (full 162):
 PSYoungGen      total 11776K, used 11394K [0x00000000eab00000, 0x00000000ebd80000, 0x0000000100000000)
  eden space 8704K, 100% used [0x00000000eab00000,0x00000000eb380000,0x00000000eb380000)
  from space 3072K, 87% used [0x00000000eba80000,0x00000000ebd20a40,0x00000000ebd80000)
  to   space 4096K, 0% used [0x00000000eb580000,0x00000000eb580000,0x00000000eb980000)
 ParOldGen       total 231424K, used 194149K [0x00000000c0000000, 0x00000000ce200000, 0x00000000eab00000)
  object space 231424K, 83% used [0x00000000c0000000,0x00000000cbd99590,0x00000000ce200000)
 Metaspace       used 98319K, capacity 103089K, committed 103256K, reserved 1142784K
  class space    used 9058K, capacity 10769K, committed 10880K, reserved 1048576K
}
Event: 1659.663 GC heap after
{Heap after GC invocations=7065 (full 162):
 PSYoungGen      total 11264K, used 2231K [0x00000000eab00000, 0x00000000ebb00000, 0x0000000100000000)
  eden space 8704K, 0% used [0x00000000eab00000,0x00000000eab00000,0x00000000eb380000)
  from space 2560K, 87% used [0x00000000eb580000,0x00000000eb7adef0,0x00000000eb800000)
  to   space 3072K, 0% used [0x00000000eb800000,0x00000000eb800000,0x00000000ebb00000)
 ParOldGen       total 231424K, used 196720K [0x00000000c0000000, 0x00000000ce200000, 0x00000000eab00000)
  object space 231424K, 85% used [0x00000000c0000000,0x00000000cc01c050,0x00000000ce200000)
 Metaspace       used 98319K, capacity 103089K, committed 103256K, reserved 1142784K
  class space    used 9058K, capacity 10769K, committed 10880K, reserved 1048576K
}
Event: 1659.691 GC heap before
{Heap before GC invocations=7066 (full 162):
 PSYoungGen      total 11264K, used 10935K [0x00000000eab00000, 0x00000000ebb00000, 0x0000000100000000)
  eden space 8704K, 100% used [0x00000000eab00000,0x00000000eb380000,0x00000000eb380000)
  from space 2560K, 87% used [0x00000000eb580000,0x00000000eb7adef0,0x00000000eb800000)
  to   space 3072K, 0% used [0x00000000eb800000,0x00000000eb800000,0x00000000ebb00000)
 ParOldGen       total 231424K, used 196720K [0x00000000c0000000, 0x00000000ce200000, 0x00000000eab00000)
  object space 231424K, 85% used [0x00000000c0000000,0x00000000cc01c050,0x00000000ce200000)
 Metaspace       used 98319K, capacity 103089K, committed 103256K, reserved 1142784K
  class space    used 9058K, capacity 10769K, committed 10880K, reserved 1048576K
}
Event: 1659.694 GC heap after
{Heap after GC invocations=7066 (full 162):
 PSYoungGen      total 10752K, used 1600K [0x00000000eab00000, 0x00000000eba00000, 0x0000000100000000)
  eden space 8704K, 0% used [0x00000000eab00000,0x00000000eab00000,0x00000000eb380000)
  from space 2048K, 78% used [0x00000000eb800000,0x00000000eb990000,0x00000000eba00000)
  to   space 2048K, 0% used [0x00000000eb600000,0x00000000eb600000,0x00000000eb800000)
 ParOldGen       total 231424K, used 198807K [0x00000000c0000000, 0x00000000ce200000, 0x00000000eab00000)
  object space 231424K, 85% used [0x00000000c0000000,0x00000000cc225f60,0x00000000ce200000)
 Metaspace       used 98319K, capacity 103089K, committed 103256K, reserved 1142784K
  class space    used 9058K, capacity 10769K, committed 10880K, reserved 1048576K
}
Event: 1659.701 GC heap before
{Heap before GC invocations=7067 (full 162):
 PSYoungGen      total 10752K, used 10304K [0x00000000eab00000, 0x00000000eba00000, 0x0000000100000000)
  eden space 8704K, 100% used [0x00000000eab00000,0x00000000eb380000,0x00000000eb380000)
  from space 2048K, 78% used [0x00000000eb800000,0x00000000eb990000,0x00000000eba00000)
  to   space 2048K, 0% used [0x00000000eb600000,0x00000000eb600000,0x00000000eb800000)
 ParOldGen       total 231424K, used 198807K [0x00000000c0000000, 0x00000000ce200000, 0x00000000eab00000)
  object space 231424K, 85% used [0x00000000c0000000,0x00000000cc225f60,0x00000000ce200000)
 Metaspace       used 98319K, capacity 103089K, committed 103256K, reserved 1142784K
  class space    used 9058K, capacity 10769K, committed 10880K, reserved 1048576K
}
Event: 1659.703 GC heap after
{Heap after GC invocations=7067 (full 162):
 PSYoungGen      total 9728K, used 672K [0x00000000eab00000, 0x00000000eb880000, 0x0000000100000000)
  eden space 8704K, 0% used [0x00000000eab00000,0x00000000eab00000,0x00000000eb380000)
  from space 1024K, 65% used [0x00000000eb600000,0x00000000eb6a8010,0x00000000eb700000)
  to   space 1536K, 0% used [0x00000000eb700000,0x00000000eb700000,0x00000000eb880000)
 ParOldGen       total 231424K, used 200335K [0x00000000c0000000, 0x00000000ce200000, 0x00000000eab00000)
  object space 231424K, 86% used [0x00000000c0000000,0x00000000cc3a3f70,0x00000000ce200000)
 Metaspace       used 98319K, capacity 103089K, committed 103256K, reserved 1142784K
  class space    used 9058K, capacity 10769K, committed 10880K, reserved 1048576K
}
Event: 1659.724 GC heap before
{Heap before GC invocations=7068 (full 162):
 PSYoungGen      total 9728K, used 9376K [0x00000000eab00000, 0x00000000eb880000, 0x0000000100000000)
  eden space 8704K, 100% used [0x00000000eab00000,0x00000000eb380000,0x00000000eb380000)
  from space 1024K, 65% used [0x00000000eb600000,0x00000000eb6a8010,0x00000000eb700000)
  to   space 1536K, 0% used [0x00000000eb700000,0x00000000eb700000,0x00000000eb880000)
 ParOldGen       total 231424K, used 200335K [0x00000000c0000000, 0x00000000ce200000, 0x00000000eab00000)
  object space 231424K, 86% used [0x00000000c0000000,0x00000000cc3a3f70,0x00000000ce200000)
 Metaspace       used 98319K, capacity 103089K, committed 103256K, reserved 1142784K
  class space    used 9058K, capacity 10769K, committed 10880K, reserved 1048576K
}
Event: 1659.726 GC heap after
{Heap after GC invocations=7068 (full 162):
 PSYoungGen      total 10240K, used 1536K [0x00000000eab00000, 0x00000000eb980000, 0x0000000100000000)
  eden space 8704K, 0% used [0x00000000eab00000,0x00000000eab00000,0x00000000eb380000)
  from space 1536K, 100% used [0x00000000eb700000,0x00000000eb880000,0x00000000eb880000)
  to   space 3072K, 0% used [0x00000000eb380000,0x00000000eb380000,0x00000000eb680000)
 ParOldGen       total 231424K, used 201199K [0x00000000c0000000, 0x00000000ce200000, 0x00000000eab00000)
  object space 231424K, 86% used [0x00000000c0000000,0x00000000cc47bf70,0x00000000ce200000)
 Metaspace       used 98319K, capacity 103089K, committed 103256K, reserved 1142784K
  class space    used 9058K, capacity 10769K, committed 10880K, reserved 1048576K
}
Event: 1659.754 GC heap before
{Heap before GC invocations=7069 (full 162):
 PSYoungGen      total 10240K, used 10240K [0x00000000eab00000, 0x00000000eb980000, 0x0000000100000000)
  eden space 8704K, 100% used [0x00000000eab00000,0x00000000eb380000,0x00000000eb380000)
  from space 1536K, 100% used [0x00000000eb700000,0x00000000eb880000,0x00000000eb880000)
  to   space 3072K, 0% used [0x00000000eb380000,0x00000000eb380000,0x00000000eb680000)
 ParOldGen       total 231424K, used 201199K [0x00000000c0000000, 0x00000000ce200000, 0x00000000eab00000)
  object space 231424K, 86% used [0x00000000c0000000,0x00000000cc47bf70,0x00000000ce200000)
 Metaspace       used 98319K, capacity 103089K, committed 103256K, reserved 1142784K
  class space    used 9058K, capacity 10769K, committed 10880K, reserved 1048576K
}
Event: 1659.757 GC heap after
{Heap after GC invocations=7069 (full 162):
 PSYoungGen      total 11264K, used 2306K [0x00000000eab00000, 0x00000000eb880000, 0x0000000100000000)
  eden space 8704K, 0% used [0x00000000eab00000,0x00000000eab00000,0x00000000eb380000)
  from space 2560K, 90% used [0x00000000eb380000,0x00000000eb5c0a40,0x00000000eb600000)
  to   space 2560K, 0% used [0x00000000eb600000,0x00000000eb600000,0x00000000eb880000)
 ParOldGen       total 231424K, used 202679K [0x00000000c0000000, 0x00000000ce200000, 0x00000000eab00000)
  object space 231424K, 87% used [0x00000000c0000000,0x00000000cc5edf70,0x00000000ce200000)
 Metaspace       used 98319K, capacity 103089K, committed 103256K, reserved 1142784K
  class space    used 9058K, capacity 10769K, committed 10880K, reserved 1048576K
}

